<?xml version="1.0" encoding="UTF-8"?>
<!-- Generated by org.testng.reporters.JUnitXMLReporter -->
<testsuite hostname="MININT-F36S5EH" ignored="0" name="Test" tests="2" failures="0" timestamp="21 May 2019 07:26:27 GMT" time="184.551" errors="0">
  <testcase name="TC13_Manually_Assigning_The_Shifts" time="80.175" classname="org.contoso.testscripts.TC13_Manual_Assignment_Of_Shifts"/>
  <testcase name="TC14_Verify_Shift_Details" time="92.342" classname="org.contoso.testscripts.TC14_Verify_Shift_Details_CancelAssigned_DeleteUnassigned_Shifts"/>
</testsuite> <!-- Test -->
